SF:lib/src/artist/get_single_artist.dart
DA:13,1
DA:19,1
DA:20,2
DA:21,1
DA:23,1
DA:24,1
DA:28,2
DA:30,2
DA:31,1
DA:32,3
DA:33,1
DA:36,2
DA:37,1
DA:38,3
DA:39,1
DA:42,2
LF:16
LH:16
end_of_record
SF:lib/src/artist/tidal_artist.dart
DA:8,1
DA:14,1
DA:15,1
DA:16,1
DA:17,1
DA:18,3
DA:19,1
DA:21,1
DA:22,4
DA:30,1
DA:36,1
DA:37,1
DA:38,1
DA:39,1
DA:41,1
DA:42,4
LF:16
LH:16
end_of_record
SF:lib/src/artist/tidal_artist_error.dart
DA:8,0
DA:14,1
DA:15,1
DA:16,1
DA:17,1
DA:19,0
DA:20,0
DA:26,0
DA:33,1
DA:34,1
DA:35,1
DA:37,0
DA:38,0
LF:13
LH:7
end_of_record
SF:lib/src/authorization/tidal_auth_token.dart
DA:9,1
DA:16,1
DA:19,1
DA:20,1
DA:21,1
DA:23,1
DA:24,4
DA:25,2
DA:28,4
DA:30,1
DA:31,5
LF:11
LH:11
end_of_record
SF:lib/src/authorization/authorize.dart
DA:11,1
DA:17,1
DA:18,1
DA:19,1
DA:20,2
DA:22,1
DA:23,1
DA:28,2
DA:29,1
DA:30,2
DA:31,1
DA:35,2
DA:36,1
LF:13
LH:13
end_of_record
SF:lib/src/authorization/tidal_auth_error.dart
DA:7,1
DA:12,1
DA:13,3
LF:3
LH:3
end_of_record
SF:lib/src/tidal_base.dart
DA:5,1
LF:1
LH:1
end_of_record
